manifest-merger-release-report.txt
-- Merging decision tree log ---
manifest
ADDED from AndroidManifest.xml:2:1
	xmlns:android
		ADDED from AndroidManifest.xml:2:11
	package
		ADDED from AndroidManifest.xml:3:5
	android:versionName
		INJECTED from AndroidManifest.xml:0:0
		INJECTED from AndroidManifest.xml:0:0
	android:versionCode
		INJECTED from AndroidManifest.xml:0:0
		INJECTED from AndroidManifest.xml:0:0
uses-permission#android.permission.INTERNET
ADDED from AndroidManifest.xml:5:5
MERGED from com.crashlytics.sdk.android:crashlytics:2.1.0:11:5
	android:name
		ADDED from AndroidManifest.xml:5:22
uses-permission#android.permission.ACCESS_NETWORK_STATE
ADDED from AndroidManifest.xml:6:5
	android:name
		ADDED from AndroidManifest.xml:6:22
uses-permission#android.permission.WRITE_EXTERNAL_STORAGE
ADDED from AndroidManifest.xml:7:5
	android:name
		ADDED from AndroidManifest.xml:7:22
uses-permission#android.permission.READ_EXTERNAL_STORAGE
ADDED from AndroidManifest.xml:8:5
	android:name
		ADDED from AndroidManifest.xml:8:22
uses-permission#android.permission.ACCESS_COARSE_LOCATION
ADDED from AndroidManifest.xml:9:5
	android:name
		ADDED from AndroidManifest.xml:9:22
uses-permission#android.permission.ACCESS_FINE_LOCATION
ADDED from AndroidManifest.xml:10:5
	android:name
		ADDED from AndroidManifest.xml:10:22
uses-permission#com.google.android.providers.gsf.permission.READ_GSERVICES
ADDED from AndroidManifest.xml:11:5
	android:name
		ADDED from AndroidManifest.xml:11:22
uses-feature#0x00020000
ADDED from AndroidManifest.xml:13:5
	android:required
		ADDED from AndroidManifest.xml:15:9
	android:glEsVersion
		ADDED from AndroidManifest.xml:14:9
application
ADDED from AndroidManifest.xml:17:5
MERGED from com.crashlytics.sdk.android:crashlytics:2.1.0:13:5
MERGED from com.crashlytics.sdk.android:beta:1.0.2:11:5
MERGED from io.fabric.sdk.android:fabric:1.0.2:11:5
MERGED from com.crashlytics.sdk.android:answers:1.0.2:11:5
MERGED from io.fabric.sdk.android:fabric:1.0.2:11:5
MERGED from io.fabric.sdk.android:fabric:1.0.2:11:5
MERGED from com.android.support:appcompat-v7:19.1.0:19:5
	android:label
		ADDED from AndroidManifest.xml:20:9
	android:allowBackup
		ADDED from AndroidManifest.xml:18:9
	android:icon
		ADDED from AndroidManifest.xml:19:9
	android:theme
		ADDED from AndroidManifest.xml:21:9
	android:name
		ADDED from AndroidManifest.xml:22:9
meta-data#com.google.android.gms.version
ADDED from AndroidManifest.xml:24:9
	android:name
		ADDED from AndroidManifest.xml:25:13
	android:value
		ADDED from AndroidManifest.xml:26:13
activity#com.ntxdev.zuptecnico.LoginActivity
ADDED from AndroidManifest.xml:28:9
	android:label
		ADDED from AndroidManifest.xml:30:13
	android:name
		ADDED from AndroidManifest.xml:29:13
intent-filter#android.intent.action.MAIN+android.intent.category.LAUNCHER
ADDED from AndroidManifest.xml:31:13
action#android.intent.action.MAIN
ADDED from AndroidManifest.xml:32:17
	android:name
		ADDED from AndroidManifest.xml:32:25
category#android.intent.category.LAUNCHER
ADDED from AndroidManifest.xml:34:17
	android:name
		ADDED from AndroidManifest.xml:34:27
activity#com.ntxdev.zuptecnico.CasesActivity
ADDED from AndroidManifest.xml:37:9
	android:label
		ADDED from AndroidManifest.xml:39:13
	android:name
		ADDED from AndroidManifest.xml:38:13
activity#com.ntxdev.zuptecnico.DocumentDataActivity
ADDED from AndroidManifest.xml:41:9
	android:label
		ADDED from AndroidManifest.xml:43:13
	android:name
		ADDED from AndroidManifest.xml:42:13
activity#com.ntxdev.zuptecnico.ItemsActivity
ADDED from AndroidManifest.xml:45:9
	android:label
		ADDED from AndroidManifest.xml:47:13
	android:name
		ADDED from AndroidManifest.xml:46:13
activity#com.ntxdev.zuptecnico.DocumentDetailsActivity
ADDED from AndroidManifest.xml:49:9
	android:label
		ADDED from AndroidManifest.xml:51:13
	android:name
		ADDED from AndroidManifest.xml:50:13
activity#com.ntxdev.zuptecnico.ProfileActivity
ADDED from AndroidManifest.xml:53:9
	android:label
		ADDED from AndroidManifest.xml:55:13
	android:name
		ADDED from AndroidManifest.xml:54:13
activity#com.ntxdev.zuptecnico.InventoryItemDetailsActivity
ADDED from AndroidManifest.xml:57:9
	android:label
		ADDED from AndroidManifest.xml:59:13
	android:name
		ADDED from AndroidManifest.xml:58:13
activity#com.ntxdev.zuptecnico.CreateInventoryItemActivity
ADDED from AndroidManifest.xml:61:9
	android:label
		ADDED from AndroidManifest.xml:63:13
	android:name
		ADDED from AndroidManifest.xml:62:13
meta-data#com.google.android.maps.v2.API_KEY
ADDED from AndroidManifest.xml:66:9
	android:name
		ADDED from AndroidManifest.xml:67:13
	android:value
		ADDED from AndroidManifest.xml:68:13
activity#com.ntxdev.zuptecnico.PickMapLocationActivity
ADDED from AndroidManifest.xml:70:9
	android:label
		ADDED from AndroidManifest.xml:72:13
	android:name
		ADDED from AndroidManifest.xml:71:13
activity#com.ntxdev.zuptecnico.DownloadedItemsActivity
ADDED from AndroidManifest.xml:75:9
	android:label
		ADDED from AndroidManifest.xml:77:13
	android:name
		ADDED from AndroidManifest.xml:76:13
activity#com.ntxdev.zuptecnico.TransferItemsActivity
ADDED from AndroidManifest.xml:80:9
	android:label
		ADDED from AndroidManifest.xml:82:13
	android:name
		ADDED from AndroidManifest.xml:81:13
activity#com.ntxdev.zuptecnico.AdvancedSearchActivity
ADDED from AndroidManifest.xml:85:9
	android:label
		ADDED from AndroidManifest.xml:87:13
	android:name
		ADDED from AndroidManifest.xml:86:13
activity#com.ntxdev.zuptecnico.InventoryItemsAdvancedSearchResultActivity
ADDED from AndroidManifest.xml:90:9
	android:label
		ADDED from AndroidManifest.xml:92:13
	android:name
		ADDED from AndroidManifest.xml:91:13
activity#com.ntxdev.zuptecnico.FullScreenImageActivity
ADDED from AndroidManifest.xml:95:9
	android:label
		ADDED from AndroidManifest.xml:97:13
	android:name
		ADDED from AndroidManifest.xml:96:13
activity#com.ntxdev.zuptecnico.CaseDetailsActivity
ADDED from AndroidManifest.xml:100:9
	android:label
		ADDED from AndroidManifest.xml:102:13
	android:name
		ADDED from AndroidManifest.xml:101:13
activity#com.ntxdev.zuptecnico.ViewCaseStepFormActivity
ADDED from AndroidManifest.xml:105:9
	android:label
		ADDED from AndroidManifest.xml:107:13
	android:name
		ADDED from AndroidManifest.xml:106:13
activity#com.ntxdev.zuptecnico.SyncActivity
ADDED from AndroidManifest.xml:110:9
	android:label
		ADDED from AndroidManifest.xml:112:13
	android:name
		ADDED from AndroidManifest.xml:111:13
meta-data#com.crashlytics.ApiKey
ADDED from AndroidManifest.xml:114:9
	android:name
		ADDED from AndroidManifest.xml:114:20
	android:value
		ADDED from AndroidManifest.xml:114:58
uses-sdk
INJECTED from AndroidManifest.xml:0:0 reason: use-sdk injection requested
MERGED from com.crashlytics.sdk.android:crashlytics:2.1.0:7:5
MERGED from com.crashlytics.sdk.android:beta:1.0.2:7:5
MERGED from io.fabric.sdk.android:fabric:1.0.2:7:5
MERGED from com.crashlytics.sdk.android:answers:1.0.2:7:5
MERGED from io.fabric.sdk.android:fabric:1.0.2:7:5
MERGED from io.fabric.sdk.android:fabric:1.0.2:7:5
MERGED from com.google.android.gms:play-services:4.2.42:7:5
MERGED from com.android.support:appcompat-v7:19.1.0:18:5
	android:targetSdkVersion
		INJECTED from AndroidManifest.xml:0:0
		INJECTED from AndroidManifest.xml:0:0
	android:minSdkVersion
		INJECTED from AndroidManifest.xml:0:0
		INJECTED from AndroidManifest.xml:0:0